{"/Users/mraible/dev/angular-crud/angular-crud/src/crud-module/index.js":{"path":"/Users/mraible/dev/angular-crud/angular-crud/src/crud-module/index.js","s":{"1":1,"2":1,"3":1,"4":1,"5":1,"6":1,"7":1,"8":1,"9":1,"10":1,"11":4,"12":4,"13":4,"14":4,"15":4,"16":4,"17":4,"18":4,"19":4,"20":4,"21":1,"22":4,"23":4,"24":4,"25":4,"26":4,"27":4,"28":0,"29":4,"30":4,"31":4,"32":4,"33":48,"34":0,"35":48,"36":4,"37":4,"38":1},"b":{"1":[4,0],"2":[4,0],"3":[4,0],"4":[4,0],"5":[0,4],"6":[4,0],"7":[0,48]},"f":{"1":4,"2":4},"fnMap":{"1":{"name":"setupOptions","line":11,"loc":{"start":{"line":11,"column":0},"end":{"line":11,"column":37}}},"2":{"name":"default_1","line":25,"loc":{"start":{"line":25,"column":0},"end":{"line":25,"column":28}}}},"statementMap":{"1":{"start":{"line":2,"column":0},"end":{"line":2,"column":62}},"2":{"start":{"line":3,"column":0},"end":{"line":3,"column":59}},"3":{"start":{"line":4,"column":0},"end":{"line":4,"column":47}},"4":{"start":{"line":5,"column":0},"end":{"line":5,"column":31}},"5":{"start":{"line":6,"column":0},"end":{"line":6,"column":60}},"6":{"start":{"line":7,"column":0},"end":{"line":7,"column":63}},"7":{"start":{"line":8,"column":0},"end":{"line":8,"column":71}},"8":{"start":{"line":9,"column":0},"end":{"line":9,"column":63}},"9":{"start":{"line":10,"column":0},"end":{"line":10,"column":68}},"10":{"start":{"line":11,"column":0},"end":{"line":24,"column":1}},"11":{"start":{"line":12,"column":4},"end":{"line":12,"column":50}},"12":{"start":{"line":13,"column":4},"end":{"line":15,"column":5}},"13":{"start":{"line":14,"column":8},"end":{"line":14,"column":61}},"14":{"start":{"line":16,"column":4},"end":{"line":16,"column":56}},"15":{"start":{"line":17,"column":4},"end":{"line":20,"column":5}},"16":{"start":{"line":18,"column":8},"end":{"line":18,"column":85}},"17":{"start":{"line":19,"column":8},"end":{"line":19,"column":64}},"18":{"start":{"line":21,"column":4},"end":{"line":21,"column":74}},"19":{"start":{"line":22,"column":4},"end":{"line":22,"column":35}},"20":{"start":{"line":23,"column":4},"end":{"line":23,"column":35}},"21":{"start":{"line":25,"column":0},"end":{"line":56,"column":1}},"22":{"start":{"line":26,"column":4},"end":{"line":55,"column":6}},"23":{"start":{"line":27,"column":8},"end":{"line":27,"column":36}},"24":{"start":{"line":28,"column":8},"end":{"line":28,"column":91}},"25":{"start":{"line":29,"column":8},"end":{"line":29,"column":77}},"26":{"start":{"line":30,"column":8},"end":{"line":30,"column":49}},"27":{"start":{"line":31,"column":8},"end":{"line":33,"column":9}},"28":{"start":{"line":32,"column":12},"end":{"line":32,"column":102}},"29":{"start":{"line":34,"column":8},"end":{"line":34,"column":56}},"30":{"start":{"line":35,"column":8},"end":{"line":35,"column":45}},"31":{"start":{"line":37,"column":8},"end":{"line":37,"column":184}},"32":{"start":{"line":38,"column":8},"end":{"line":48,"column":11}},"33":{"start":{"line":43,"column":16},"end":{"line":45,"column":17}},"34":{"start":{"line":44,"column":20},"end":{"line":44,"column":70}},"35":{"start":{"line":46,"column":16},"end":{"line":46,"column":33}},"36":{"start":{"line":49,"column":8},"end":{"line":53,"column":11}},"37":{"start":{"line":54,"column":8},"end":{"line":54,"column":35}},"38":{"start":{"line":57,"column":0},"end":{"line":57,"column":28}}},"branchMap":{"1":{"line":13,"type":"if","locations":[{"start":{"line":13,"column":4},"end":{"line":13,"column":4}},{"start":{"line":13,"column":4},"end":{"line":13,"column":4}}]},"2":{"line":17,"type":"if","locations":[{"start":{"line":17,"column":4},"end":{"line":17,"column":4}},{"start":{"line":17,"column":4},"end":{"line":17,"column":4}}]},"3":{"line":18,"type":"cond-expr","locations":[{"start":{"line":18,"column":71},"end":{"line":18,"column":76}},{"start":{"line":18,"column":79},"end":{"line":18,"column":84}}]},"4":{"line":28,"type":"binary-expr","locations":[{"start":{"line":28,"column":25},"end":{"line":28,"column":84}},{"start":{"line":28,"column":88},"end":{"line":28,"column":90}}]},"5":{"line":31,"type":"if","locations":[{"start":{"line":31,"column":8},"end":{"line":31,"column":8}},{"start":{"line":31,"column":8},"end":{"line":31,"column":8}}]},"6":{"line":40,"type":"binary-expr","locations":[{"start":{"line":40,"column":30},"end":{"line":40,"column":63}},{"start":{"line":40,"column":67},"end":{"line":40,"column":69}}]},"7":{"line":43,"type":"if","locations":[{"start":{"line":43,"column":16},"end":{"line":43,"column":16}},{"start":{"line":43,"column":16},"end":{"line":43,"column":16}}]}}},"/Users/mraible/dev/angular-crud/angular-crud/src/utils/crud-model-utils.js":{"path":"/Users/mraible/dev/angular-crud/angular-crud/src/utils/crud-model-utils.js","s":{"1":1,"2":1,"3":1,"4":0,"5":0,"6":0,"7":0,"8":0,"9":0,"10":0,"11":0,"12":0,"13":0,"14":1,"15":1,"16":12,"17":0,"18":12,"19":48,"20":1,"21":1,"22":8,"23":8,"24":8,"25":0,"26":8,"27":1},"b":{"1":[0,0],"2":[0,0],"3":[0,0],"4":[0,12],"5":[0,8]},"f":{"1":0,"2":12,"3":8},"fnMap":{"1":{"name":"filterField","line":4,"loc":{"start":{"line":4,"column":0},"end":{"line":4,"column":28}}},"2":{"name":"getFilterFields","line":20,"loc":{"start":{"line":20,"column":0},"end":{"line":20,"column":32}}},"3":{"name":"getId","line":26,"loc":{"start":{"line":26,"column":0},"end":{"line":26,"column":22}}}},"statementMap":{"1":{"start":{"line":2,"column":0},"end":{"line":2,"column":62}},"2":{"start":{"line":3,"column":0},"end":{"line":3,"column":82}},"3":{"start":{"line":4,"column":0},"end":{"line":18,"column":1}},"4":{"start":{"line":5,"column":4},"end":{"line":5,"column":13}},"5":{"start":{"line":6,"column":4},"end":{"line":7,"column":21}},"6":{"start":{"line":7,"column":8},"end":{"line":7,"column":21}},"7":{"start":{"line":8,"column":4},"end":{"line":9,"column":20}},"8":{"start":{"line":9,"column":8},"end":{"line":9,"column":20}},"9":{"start":{"line":10,"column":4},"end":{"line":15,"column":5}},"10":{"start":{"line":11,"column":8},"end":{"line":11,"column":37}},"11":{"start":{"line":14,"column":8},"end":{"line":14,"column":26}},"12":{"start":{"line":16,"column":4},"end":{"line":16,"column":28}},"13":{"start":{"line":17,"column":4},"end":{"line":17,"column":37}},"14":{"start":{"line":19,"column":0},"end":{"line":19,"column":34}},"15":{"start":{"line":20,"column":0},"end":{"line":24,"column":1}},"16":{"start":{"line":21,"column":4},"end":{"line":22,"column":28}},"17":{"start":{"line":22,"column":8},"end":{"line":22,"column":28}},"18":{"start":{"line":23,"column":4},"end":{"line":23,"column":79}},"19":{"start":{"line":23,"column":40},"end":{"line":23,"column":77}},"20":{"start":{"line":25,"column":0},"end":{"line":25,"column":42}},"21":{"start":{"line":26,"column":0},"end":{"line":31,"column":1}},"22":{"start":{"line":27,"column":4},"end":{"line":27,"column":44}},"23":{"start":{"line":27,"column":36},"end":{"line":27,"column":42}},"24":{"start":{"line":28,"column":4},"end":{"line":29,"column":65}},"25":{"start":{"line":29,"column":8},"end":{"line":29,"column":65}},"26":{"start":{"line":30,"column":4},"end":{"line":30,"column":14}},"27":{"start":{"line":32,"column":0},"end":{"line":32,"column":22}}},"branchMap":{"1":{"line":6,"type":"if","locations":[{"start":{"line":6,"column":4},"end":{"line":6,"column":4}},{"start":{"line":6,"column":4},"end":{"line":6,"column":4}}]},"2":{"line":8,"type":"if","locations":[{"start":{"line":8,"column":4},"end":{"line":8,"column":4}},{"start":{"line":8,"column":4},"end":{"line":8,"column":4}}]},"3":{"line":10,"type":"if","locations":[{"start":{"line":10,"column":4},"end":{"line":10,"column":4}},{"start":{"line":10,"column":4},"end":{"line":10,"column":4}}]},"4":{"line":21,"type":"if","locations":[{"start":{"line":21,"column":4},"end":{"line":21,"column":4}},{"start":{"line":21,"column":4},"end":{"line":21,"column":4}}]},"5":{"line":28,"type":"if","locations":[{"start":{"line":28,"column":4},"end":{"line":28,"column":4}},{"start":{"line":28,"column":4},"end":{"line":28,"column":4}}]}}}}