TN:
SF:/Users/mraible/dev/angular-crud/angular-crud/src/crud-module/index.js
FN:11,setupOptions
FN:25,default_1
FNF:2
FNH:2
FNDA:4,setupOptions
FNDA:4,default_1
DA:2,1
DA:3,1
DA:4,1
DA:5,1
DA:6,1
DA:7,1
DA:8,1
DA:9,1
DA:10,1
DA:11,1
DA:12,4
DA:13,4
DA:14,4
DA:16,4
DA:17,4
DA:18,4
DA:19,4
DA:21,4
DA:22,4
DA:23,4
DA:25,1
DA:26,4
DA:27,4
DA:28,4
DA:29,4
DA:30,4
DA:31,4
DA:32,0
DA:34,4
DA:35,4
DA:37,4
DA:38,4
DA:43,48
DA:44,0
DA:46,48
DA:49,4
DA:54,4
DA:57,1
LF:38
LH:36
BRDA:13,1,0,4
BRDA:13,1,1,0
BRDA:17,2,0,4
BRDA:17,2,1,0
BRDA:18,3,0,4
BRDA:18,3,1,0
BRDA:28,4,0,4
BRDA:28,4,1,0
BRDA:31,5,0,0
BRDA:31,5,1,4
BRDA:40,6,0,4
BRDA:40,6,1,0
BRDA:43,7,0,0
BRDA:43,7,1,48
BRF:14
BRH:7
end_of_record
TN:
SF:/Users/mraible/dev/angular-crud/angular-crud/src/utils/crud-model-utils.js
FN:4,filterField
FN:20,getFilterFields
FN:26,getId
FNF:3
FNH:2
FNDA:0,filterField
FNDA:12,getFilterFields
FNDA:8,getId
DA:2,1
DA:3,1
DA:4,1
DA:5,0
DA:6,0
DA:7,0
DA:8,0
DA:9,0
DA:10,0
DA:11,0
DA:14,0
DA:16,0
DA:17,0
DA:19,1
DA:20,1
DA:21,12
DA:22,0
DA:23,48
DA:25,1
DA:26,1
DA:27,8
DA:28,8
DA:29,0
DA:30,8
DA:32,1
LF:25
LH:13
BRDA:6,1,0,0
BRDA:6,1,1,0
BRDA:8,2,0,0
BRDA:8,2,1,0
BRDA:10,3,0,0
BRDA:10,3,1,0
BRDA:21,4,0,0
BRDA:21,4,1,12
BRDA:28,5,0,0
BRDA:28,5,1,8
BRF:10
BRH:2
end_of_record
